Fold 0
Model 0 best validation rmse = 0.113745 on epoch 21
Model 0 test rmse = 0.062398
Ensemble test rmse = 0.062398
1-fold cross validation
Seed 0 ==> test rmse = 0.062398
Overall test rmse = 0.062398 +/- 0.000000
Fold 0
Fold 0
Fold 0
Fold 0
Fold 0
Model 0 best validation rmse = 0.123363 on epoch 14
Model 0 test rmse = 0.083137
Ensemble test rmse = 0.083137
1-fold cross validation
Seed 0 ==> test rmse = 0.083137
Overall test rmse = 0.083137 +/- 0.000000
Fold 0
Model 0 best validation rmse = 0.114950 on epoch 28
Model 0 test rmse = 0.077782
Ensemble test rmse = 0.077782
1-fold cross validation
Seed 0 ==> test rmse = 0.077782
Overall test rmse = 0.077782 +/- 0.000000
